
Showing logs for build [32mcb-kubecd-bdd-gh-1568389997-pr-1[0m stage [32mmeta-pipeline[0m and container [32mstep-credential-initializer-kzfwq[0m
{"level":"warn","ts":1568390719.9462504,"logger":"fallback-logger","caller":"logging/config.go:69","msg":"Fetch GitHub commit ID from kodata failed: \"ref: refs/heads/master\" is not a valid GitHub commit ID"}
{"level":"info","ts":1568390719.9470484,"logger":"fallback-logger","caller":"creds-init/main.go:40","msg":"Credentials initialized."}

Showing logs for build [32mcb-kubecd-bdd-gh-1568389997-pr-1[0m stage [32mmeta-pipeline[0m and container [32mstep-working-dir-initializer-m7smh[0m
{"level":"warn","ts":1568390720.873771,"logger":"fallback-logger","caller":"logging/config.go:69","msg":"Fetch GitHub commit ID from kodata failed: open /var/run/ko/HEAD: no such file or directory"}
{"level":"info","ts":1568390720.8751945,"logger":"fallback-logger","caller":"bash/main.go:65","msg":"Successfully executed command \"mkdir -p /workspace/source\""}

Showing logs for build [32mcb-kubecd-bdd-gh-1568389997-pr-1[0m stage [32mmeta-pipeline[0m and container [32mstep-place-tools[0m

Showing logs for build [32mcb-kubecd-bdd-gh-1568389997-pr-1[0m stage [32mmeta-pipeline[0m and container [32mstep-git-source-meta-cb-kubecd-bdd-gh-156838999-xdzm7[0m
{"level":"warn","ts":1568390727.0224285,"logger":"fallback-logger","caller":"logging/config.go:69","msg":"Fetch GitHub commit ID from kodata failed: \"ref: refs/heads/master\" is not a valid GitHub commit ID"}
{"level":"info","ts":1568390728.0715034,"logger":"fallback-logger","caller":"git/git.go:102","msg":"Successfully cloned https://github.com/cb-kubecd/bdd-gh-1568389997.git @ 85c7d13d9b35af0d5393d9916501b703975c61fd in path /workspace/source"}

Showing logs for build [32mcb-kubecd-bdd-gh-1568389997-pr-1[0m stage [32mmeta-pipeline[0m and container [32mstep-git-merge[0m
Using SHAs from PULL_REFS=master:85c7d13d9b35af0d5393d9916501b703975c61fd,1:16ca26a8b52ca871d7c8f9416b9d0f5b28e258ff
DEBUG: ran git fetch --unshallow origin 16ca26a8b52ca871d7c8f9416b9d0f5b28e258ff: 85c7d13d9b35af0d5393d9916501b703975c61fd: in 
DEBUG: ran git checkout master in 
DEBUG: ran git reset --hard 85c7d13d9b35af0d5393d9916501b703975c61fd in 
DEBUG: ran clean --force -d . in 
DEBUG: ran git merge 16ca26a8b52ca871d7c8f9416b9d0f5b28e258ff in 
Merged SHA 16ca26a8b52ca871d7c8f9416b9d0f5b28e258ff with commit message 'My first PR commit' into base branch master

Showing logs for build [32mcb-kubecd-bdd-gh-1568389997-pr-1[0m stage [32mmeta-pipeline[0m and container [32mstep-merge-pull-refs[0m
DEBUG: ran git fetch origin 16ca26a8b52ca871d7c8f9416b9d0f5b28e258ff: 85c7d13d9b35af0d5393d9916501b703975c61fd: in 
DEBUG: Unshallowed git repo in 
DEBUG: ran git checkout master in 
DEBUG: ran git reset --hard 85c7d13d9b35af0d5393d9916501b703975c61fd in 
DEBUG: ran clean --force -d . in 
DEBUG: ran git merge 16ca26a8b52ca871d7c8f9416b9d0f5b28e258ff in 
Merged SHA 16ca26a8b52ca871d7c8f9416b9d0f5b28e258ff with commit message 'My first PR commit' into base branch master

Showing logs for build [32mcb-kubecd-bdd-gh-1568389997-pr-1[0m stage [32mmeta-pipeline[0m and container [32mstep-create-effective-pipeline[0m
Deleting and cloning the Jenkins X versions repo
Cloning the Jenkins X versions repo https://github.com/jenkins-x/jenkins-x-versions.git with ref refs/heads/master to /builder/home/.**/jenkins-x-versions
Effective pipeline written to jenkins-x-serverless-jenkins-effective.yml

Showing logs for build [32mcb-kubecd-bdd-gh-1568389997-pr-1[0m stage [32mmeta-pipeline[0m and container [32mstep-create-tekton-crds[0m
PipelineActivity for cb-kubecd-bdd-gh-1568389997-PR-1-1
Applying changes 
upserted PipelineResource cb-kubecd-bdd-gh-1568389997-pr for the git repository https://github.com/cb-kubecd/bdd-gh-1568389997.git
upserted Task cb-kubecd-bdd-gh-1568389997-pr-from-build-pack-1
upserted Pipeline cb-kubecd-bdd-gh-1568389997-pr-1
created PipelineRun cb-kubecd-bdd-gh-1568389997-pr-1
created PipelineStructure cb-kubecd-bdd-gh-1568389997-pr-1

Showing logs for build [32mcb-kubecd-bdd-gh-1568389997-pr-1[0m stage [32mfrom-build-pack[0m and container [32mstep-credential-initializer-9dftr[0m
{"level":"warn","ts":1568390741.027582,"logger":"fallback-logger","caller":"logging/config.go:69","msg":"Fetch GitHub commit ID from kodata failed: \"ref: refs/heads/master\" is not a valid GitHub commit ID"}
{"level":"info","ts":1568390741.028124,"logger":"fallback-logger","caller":"creds-init/main.go:40","msg":"Credentials initialized."}

Showing logs for build [32mcb-kubecd-bdd-gh-1568389997-pr-1[0m stage [32mfrom-build-pack[0m and container [32mstep-working-dir-initializer-dzjgn[0m
{"level":"warn","ts":1568390741.496274,"logger":"fallback-logger","caller":"logging/config.go:69","msg":"Fetch GitHub commit ID from kodata failed: open /var/run/ko/HEAD: no such file or directory"}
{"level":"info","ts":1568390741.497807,"logger":"fallback-logger","caller":"bash/main.go:65","msg":"Successfully executed command \"mkdir -p /workspace/source /workspace/source/charts/preview\""}

Showing logs for build [32mcb-kubecd-bdd-gh-1568389997-pr-1[0m stage [32mfrom-build-pack[0m and container [32mstep-place-tools[0m

Showing logs for build [32mcb-kubecd-bdd-gh-1568389997-pr-1[0m stage [32mfrom-build-pack[0m and container [32mstep-git-source-cb-kubecd-bdd-gh-1568389997-pr-kl4jg[0m
{"level":"warn","ts":1568390746.620827,"logger":"fallback-logger","caller":"logging/config.go:69","msg":"Fetch GitHub commit ID from kodata failed: \"ref: refs/heads/master\" is not a valid GitHub commit ID"}
{"level":"info","ts":1568390747.6856713,"logger":"fallback-logger","caller":"git/git.go:102","msg":"Successfully cloned https://github.com/cb-kubecd/bdd-gh-1568389997.git @ master in path /workspace/source"}

Showing logs for build [32mcb-kubecd-bdd-gh-1568389997-pr-1[0m stage [32mfrom-build-pack[0m and container [32mstep-git-merge[0m
Using SHAs from PULL_REFS=master:85c7d13d9b35af0d5393d9916501b703975c61fd,1:16ca26a8b52ca871d7c8f9416b9d0f5b28e258ff
DEBUG: ran git fetch --unshallow origin 16ca26a8b52ca871d7c8f9416b9d0f5b28e258ff: 85c7d13d9b35af0d5393d9916501b703975c61fd: in 
DEBUG: ran git checkout master in 
DEBUG: ran git reset --hard 85c7d13d9b35af0d5393d9916501b703975c61fd in 
DEBUG: ran clean --force -d . in 
DEBUG: ran git merge 16ca26a8b52ca871d7c8f9416b9d0f5b28e258ff in 
Merged SHA 16ca26a8b52ca871d7c8f9416b9d0f5b28e258ff with commit message 'My first PR commit' into base branch master

Showing logs for build [32mcb-kubecd-bdd-gh-1568389997-pr-1[0m stage [32mfrom-build-pack[0m and container [32mstep-build-make-linux[0m
CGO_ENABLED=0 GOOS=linux GOARCH=amd64 GO15VENDOREXPERIMENT=1 go build -ldflags '' -o bin/bdd-gh-1568389997 main.go

Showing logs for build [32mcb-kubecd-bdd-gh-1568389997-pr-1[0m stage [32mfrom-build-pack[0m and container [32mstep-build-container-build[0m
[36mINFO[0m[0000] No base image, nothing to extract            
[36mINFO[0m[0000] cmd: EXPOSE                                  
[36mINFO[0m[0000] Adding exposed port: 8080/tcp                
[36mINFO[0m[0000] Using files from context: [/workspace/source/bin] 
[36mINFO[0m[0000] Skipping unpacking as no commands require it. 
[36mINFO[0m[0000] Taking snapshot of full filesystem...        
[36mINFO[0m[0000] EXPOSE 8080                                  
[36mINFO[0m[0000] cmd: EXPOSE                                  
[36mINFO[0m[0000] Adding exposed port: 8080/tcp                
[36mINFO[0m[0000] No files changed in this command, skipping snapshotting. 
[36mINFO[0m[0000] ENTRYPOINT ["/bdd-gh-1568389997"]            
[36mINFO[0m[0000] No files changed in this command, skipping snapshotting. 
[36mINFO[0m[0000] Using files from context: [/workspace/source/bin] 
[36mINFO[0m[0000] COPY ./bin/ /                                
[36mINFO[0m[0000] Taking snapshot of files...                  
2019/09/13 16:05:59 pushed blob: sha256:033260a6a4e8db5abd399ad5f6d28a9c6ba0dfcadbb921e31e369fc098d874ee
2019/09/13 16:06:00 pushed blob: sha256:e54fe8b2a3ce9486ebda13c75fd0c12e371ae1b6f4065112b69776346c62c171
2019/09/13 16:06:01 gcr.io/jenkins-x-bdd3/bdd-gh-1568389997:0.0.0-SNAPSHOT-PR-1-1: digest: sha256:52a4ce3b27b487abd0deb458e28b05b5d88a1d4d2e4690e513d01f4ea7fc3eb8 size: 428

Showing logs for build [32mcb-kubecd-bdd-gh-1568389997-pr-1[0m stage [32mfrom-build-pack[0m and container [32mstep-postbuild-post-build[0m
no CVE provider running in the current ** namespace so skip adding image to be analysed

Showing logs for build [32mcb-kubecd-bdd-gh-1568389997-pr-1[0m stage [32mfrom-build-pack[0m and container [32mstep-promote-make-preview[0m
sed -i -e "s/version:.*/version: 0.0.0-SNAPSHOT-PR-1-1/" Chart.yaml
sed -i -e "s/version:.*/version: 0.0.0-SNAPSHOT-PR-1-1/" ../*/Chart.yaml
sed -i -e "s|repository:.*|repository: gcr.io\/jenkins-x-bdd3\/bdd-gh-1568389997|" values.yaml
sed -i -e "s/tag:.*/tag: 0.0.0-SNAPSHOT-PR-1-1/" values.yaml
echo "  version: 0.0.0-SNAPSHOT-PR-1-1" >> requirements.yaml
** step helm build
WARNING: No $CHART_REPOSITORY defined so using the default value of: http://jenkins-x-chartmuseum:8080
Adding missing Helm repo: storage.googleapis.com https://storage.googleapis.com/chartmuseum.jenkins-x.io
Successfully added Helm repository storage.googleapis.com.
Adding missing Helm repo: jenkins-x-chartmuseum http://jenkins-x-chartmuseum:8080
Successfully added Helm repository jenkins-x-chartmuseum.
WARNING: No $CHART_REPOSITORY defined so using the default value of: http://jenkins-x-chartmuseum:8080
Adding missing Helm repo: chartmuseum.jenkins-x.io http://chartmuseum.jenkins-x.io
Successfully added Helm repository chartmuseum.jenkins-x.io.

Showing logs for build [32mcb-kubecd-bdd-gh-1568389997-pr-1[0m stage [32mfrom-build-pack[0m and container [32mstep-promote-jx-preview[0m
Creating a preview
WARNING: No author for commit: 16ca26a8b52ca871d7c8f9416b9d0f5b28e258ff
Created environment cb-kubecd-bdd-gh-1568389997-pr-1
Namespace **-cb-kubecd-bdd-gh-1568389997-pr-1 created 
expose:
  Annotations:
    helm.sh/hook: post-install,post-upgrade
    helm.sh/hook-delete-policy: hook-succeeded
  config:
    domain: 35.205.246.25.nip.io
    exposer: Ingress
    http: "true"
preview:
  image:
    repository: gcr.io/jenkins-x-bdd3/bdd-gh-1568389997
    tag: 0.0.0-SNAPSHOT-PR-1-1
Deleting and cloning the Jenkins X versions repo
Cloning the Jenkins X versions repo https://github.com/jenkins-x/jenkins-x-versions.git with ref refs/heads/master to /builder/home/.**/jenkins-x-versions


Updating PipelineActivities cb-kubecd-bdd-gh-1568389997-pr-1-1 which has status Running
WARNING: preview application http://bdd-gh-1568389997.**-cb-kubecd-bdd-gh-1568389997-pr-1.35.205.246.25.nip.io not available, error was 503 503 Service Temporarily Unavailable, delaying for: 1.252573036s
WARNING: preview application http://bdd-gh-1568389997.**-cb-kubecd-bdd-gh-1568389997-pr-1.35.205.246.25.nip.io not available, error was 503 503 Service Temporarily Unavailable, delaying for: 1.795078749s
Preview application is now available at: http://bdd-gh-1568389997.**-cb-kubecd-bdd-gh-1568389997-pr-1.35.205.246.25.nip.io
